16:47:00,638 ERROR [com.cn.controller.ReportController] 数据库执行错误
java.sql.SQLDataException: ORA-01861: 文字与格式字符串不匹配
ORA-06512: 在 "ORACLE.REPORTPACKAGE", line 33
ORA-06512: 在 line 1

	at oracle.jdbc.driver.T4CTTIoer.processError(T4CTTIoer.java:452)
	at oracle.jdbc.driver.T4CTTIoer.processError(T4CTTIoer.java:400)
	at oracle.jdbc.driver.T4C8Oall.processError(T4C8Oall.java:884)
	at oracle.jdbc.driver.T4CTTIfun.receive(T4CTTIfun.java:471)
	at oracle.jdbc.driver.T4CTTIfun.doRPC(T4CTTIfun.java:199)
	at oracle.jdbc.driver.T4C8Oall.doOALL(T4C8Oall.java:535)
	at oracle.jdbc.driver.T4CCallableStatement.doOall8(T4CCallableStatement.java:208)
	at oracle.jdbc.driver.T4CCallableStatement.executeForRows(T4CCallableStatement.java:1355)
	at oracle.jdbc.driver.OracleStatement.doExecuteWithTimeout(OracleStatement.java:1709)
	at oracle.jdbc.driver.OraclePreparedStatement.executeInternal(OraclePreparedStatement.java:4364)
	at oracle.jdbc.driver.OraclePreparedStatement.execute(OraclePreparedStatement.java:4587)
	at oracle.jdbc.driver.OracleCallableStatement.execute(OracleCallableStatement.java:10100)
	at oracle.jdbc.driver.OraclePreparedStatementWrapper.execute(OraclePreparedStatementWrapper.java:5691)
	at com.cn.controller.ReportController.getProductReport(ReportController.java:117)
	at com.cn.controller.ReportControllerTest.testGetProductReport_6args(ReportControllerTest.java:125)
	at sun.reflect.NativeMethodAccessorImpl.invoke0(Native Method)
	at sun.reflect.NativeMethodAccessorImpl.invoke(NativeMethodAccessorImpl.java:62)
	at sun.reflect.DelegatingMethodAccessorImpl.invoke(DelegatingMethodAccessorImpl.java:43)
	at java.lang.reflect.Method.invoke(Method.java:498)
	at org.junit.runners.model.FrameworkMethod$1.runReflectiveCall(FrameworkMethod.java:45)
	at org.junit.internal.runners.model.ReflectiveCallable.run(ReflectiveCallable.java:15)
	at org.junit.runners.model.FrameworkMethod.invokeExplosively(FrameworkMethod.java:42)
	at org.junit.internal.runners.statements.InvokeMethod.evaluate(InvokeMethod.java:20)
	at org.junit.internal.runners.statements.RunBefores.evaluate(RunBefores.java:28)
	at org.junit.internal.runners.statements.RunAfters.evaluate(RunAfters.java:30)
	at org.junit.runners.ParentRunner.runLeaf(ParentRunner.java:263)
	at org.junit.runners.BlockJUnit4ClassRunner.runChild(BlockJUnit4ClassRunner.java:68)
	at org.junit.runners.BlockJUnit4ClassRunner.runChild(BlockJUnit4ClassRunner.java:47)
	at org.junit.runners.ParentRunner$3.run(ParentRunner.java:231)
	at org.junit.runners.ParentRunner$1.schedule(ParentRunner.java:60)
	at org.junit.runners.ParentRunner.runChildren(ParentRunner.java:229)
	at org.junit.runners.ParentRunner.access$000(ParentRunner.java:50)
	at org.junit.runners.ParentRunner$2.evaluate(ParentRunner.java:222)
	at org.junit.internal.runners.statements.RunBefores.evaluate(RunBefores.java:28)
	at org.junit.internal.runners.statements.RunAfters.evaluate(RunAfters.java:30)
	at org.junit.runners.ParentRunner.run(ParentRunner.java:300)
	at org.apache.tools.ant.taskdefs.optional.junit.JUnit4TestMethodAdapter.run(JUnit4TestMethodAdapter.java:105)
	at org.apache.tools.ant.taskdefs.optional.junit.JUnitTestRunner.run(JUnitTestRunner.java:532)
	at org.apache.tools.ant.taskdefs.optional.junit.JUnitTestRunner.launch(JUnitTestRunner.java:1179)
	at org.apache.tools.ant.taskdefs.optional.junit.JUnitTestRunner.main(JUnitTestRunner.java:1030)
